0 info it worked if it ends with ok
1 verbose cli [ 'C:\\Program Files\\nodejs\\\\node.exe',
1 verbose cli   'C:\\Program Files\\nodejs\\node_modules\\npm\\bin\\npm-cli.js',
1 verbose cli   'run',
1 verbose cli   'debug' ]
2 info using npm@1.4.3
3 info using node@v0.10.26
4 verbose node symlink C:\Program Files\nodejs\\node.exe
5 verbose run-script [ 'predebug', 'debug', 'postdebug' ]
6 info predebug seneca-msaccess-store@0.0.0
7 info debug seneca-msaccess-store@0.0.0
8 verbose unsafe-perm in lifecycle true
9 info seneca-msaccess-store@0.0.0 Failed to exec debug script
10 error seneca-msaccess-store@0.0.0 debug: `node-inspector && node_modules/.bin/mocha --debug-brk`
10 error Exit status 1
11 error Failed at the seneca-msaccess-store@0.0.0 debug script.
11 error This is most likely a problem with the seneca-msaccess-store package,
11 error not with npm itself.
11 error Tell the author that this fails on your system:
11 error     node-inspector && node_modules/.bin/mocha --debug-brk
11 error You can get their info via:
11 error     npm owner ls seneca-msaccess-store
11 error There is likely additional logging output above.
12 error System Windows_NT 6.2.9200
13 error command "C:\\Program Files\\nodejs\\\\node.exe" "C:\\Program Files\\nodejs\\node_modules\\npm\\bin\\npm-cli.js" "run" "debug"
14 error cwd W:\seneca-msaccess-store
15 error node -v v0.10.26
16 error npm -v 1.4.3
17 error code ELIFECYCLE
18 verbose exit [ 1, true ]
